Arguments: 
  /usr/local/bin/node /usr/local/bin/yarn add @expo/vector-icons/feather

PATH: 
  /usr/local/bin:/usr/bin:/bin:/usr/sbin:/sbin:/usr/local/share/dotnet:~/.dotnet/tools:/Library/Apple/usr/bin:/Library/Frameworks/Mono.framework/Versions/Current/Commands:/Users/adonisantunesuessler/.fig/bin:/Users/adonisantunesuessler/.local/bin

Yarn version: 
  1.22.10

Node version: 
  17.8.0

Platform: 
  darwin x64

Trace: 
  Error: https://registry.yarnpkg.com/@expo%2fvector-icons/feather: Request "https://registry.yarnpkg.com/@expo%2fvector-icons/feather" returned a 405
      at Request.params.callback [as _callback] (/usr/local/lib/node_modules/yarn/lib/cli.js:66997:18)
      at Request.self.callback (/usr/local/lib/node_modules/yarn/lib/cli.js:140662:22)
      at Request.emit (node:events:527:28)
      at Request.<anonymous> (/usr/local/lib/node_modules/yarn/lib/cli.js:141634:10)
      at Request.emit (node:events:527:28)
      at IncomingMessage.<anonymous> (/usr/local/lib/node_modules/yarn/lib/cli.js:141556:12)
      at Object.onceWrapper (node:events:641:28)
      at IncomingMessage.emit (node:events:539:35)
      at endReadableNT (node:internal/streams/readable:1345:12)
      at processTicksAndRejections (node:internal/process/task_queues:83:21)

npm manifest: 
  {
    "main": "node_modules/expo/AppEntry.js",
    "scripts": {
      "start": "expo start",
      "android": "expo start --android",
      "ios": "expo start --ios",
      "web": "expo start --web",
      "eject": "expo eject"
    },
    "dependencies": {
      "@expo-google-fonts/nunito": "^0.2.2",
      "@react-navigation/drawer": "^6.4.1",
      "@react-navigation/native": "^6.0.2",
      "@react-navigation/native-stack": "^6.6.2",
      "@react-navigation/stack": "^6.0.4",
      "axios": "^0.27.2",
      "expo": "~45.0.0",
      "expo-blur": "~11.1.0",
      "expo-font": "~10.1.0",
      "expo-linear-gradient": "~11.3.0",
      "expo-status-bar": "~1.3.0",
      "metro": "^0.70.3",
      "react": "17.0.2",
      "react-dom": "17.0.2",
      "react-native": "0.68.2",
      "react-native-gesture-handler": "~2.2.1",
      "react-native-reanimated": "~2.8.0",
      "react-native-safe-area-context": "4.2.4",
      "react-native-screens": "~3.11.1",
      "stitches-native": "^0.0.1-12"
    },
    "devDependencies": {
      "@babel/core": "^7.12.9",
      "@types/react": "~17.0.21",
      "@types/react-native": "~0.66.13",
      "@types/react-navigation": "^3.4.0",
      "typescript": "~4.3.5"
    },
    "private": true
  }

yarn manifest: 
  No manifest

Lockfile: 
  No lockfile
